(0)(b->(a->(b->c)))->((b->((a->(b->c))->(a->c)))->(b->(a->c)))(Сх. акс. 2)
(1)((b->(a->(b->c)))->((b->((a->(b->c))->(a->c)))->(b->(a->c))))->((a->(b->c))->((b->(a->(b->c)))->((b->((a->(b->c))->(a->c)))->(b->(a->c)))))(Сх. акс. 1)
(2)(a->(b->c))->((b->(a->(b->c)))->((b->((a->(b->c))->(a->c)))->(b->(a->c))))(M.P. 0,1)
(3)(a->(b->c))->(b->(a->(b->c)))(Сх. акс. 1)
(4)((a->(b->c))->(b->(a->(b->c))))->(((a->(b->c))->((b->(a->(b->c)))->((b->((a->(b->c))->(a->c)))->(b->(a->c)))))->((a->(b->c))->((b->((a->(b->c))->(a->c)))->(b->(a->c)))))(Сх. акс. 2)
(5)((a->(b->c))->((b->(a->(b->c)))->((b->((a->(b->c))->(a->c)))->(b->(a->c)))))->((a->(b->c))->((b->((a->(b->c))->(a->c)))->(b->(a->c))))(M.P. 3,4)
(6)(a->(b->c))->((b->((a->(b->c))->(a->c)))->(b->(a->c)))(M.P. 2,5)
(7)(b->(a->b))->((b->((a->b)->((a->(b->c))->(a->c))))->(b->((a->(b->c))->(a->c))))(Сх. акс. 2)
(8)((b->(a->b))->((b->((a->b)->((a->(b->c))->(a->c))))->(b->((a->(b->c))->(a->c)))))->((a->(b->c))->((b->(a->b))->((b->((a->b)->((a->(b->c))->(a->c))))->(b->((a->(b->c))->(a->c))))))(Сх. акс. 1)
(9)(a->(b->c))->((b->(a->b))->((b->((a->b)->((a->(b->c))->(a->c))))->(b->((a->(b->c))->(a->c)))))(M.P. 7,8)
(10)b->(a->b)(Сх. акс. 1)
(11)(b->(a->b))->((a->(b->c))->(b->(a->b)))(Сх. акс. 1)
(12)(a->(b->c))->(b->(a->b))(M.P. 10,11)
(13)((a->(b->c))->(b->(a->b)))->(((a->(b->c))->((b->(a->b))->((b->((a->b)->((a->(b->c))->(a->c))))->(b->((a->(b->c))->(a->c))))))->((a->(b->c))->((b->((a->b)->((a->(b->c))->(a->c))))->(b->((a->(b->c))->(a->c))))))(Сх. акс. 2)
(14)((a->(b->c))->((b->(a->b))->((b->((a->b)->((a->(b->c))->(a->c))))->(b->((a->(b->c))->(a->c))))))->((a->(b->c))->((b->((a->b)->((a->(b->c))->(a->c))))->(b->((a->(b->c))->(a->c)))))(M.P. 12,13)
(15)(a->(b->c))->((b->((a->b)->((a->(b->c))->(a->c))))->(b->((a->(b->c))->(a->c))))(M.P. 9,14)
(16)((a->b)->((a->(b->c))->(a->c)))->(b->((a->b)->((a->(b->c))->(a->c))))(Сх. акс. 1)
(17)(((a->b)->((a->(b->c))->(a->c)))->(b->((a->b)->((a->(b->c))->(a->c)))))->((a->(b->c))->(((a->b)->((a->(b->c))->(a->c)))->(b->((a->b)->((a->(b->c))->(a->c))))))(Сх. акс. 1)
(18)(a->(b->c))->(((a->b)->((a->(b->c))->(a->c)))->(b->((a->b)->((a->(b->c))->(a->c)))))(M.P. 16,17)
(19)(a->b)->((a->(b->c))->(a->c))(Сх. акс. 2)
(20)((a->b)->((a->(b->c))->(a->c)))->((a->(b->c))->((a->b)->((a->(b->c))->(a->c))))(Сх. акс. 1)
(21)(a->(b->c))->((a->b)->((a->(b->c))->(a->c)))(M.P. 19,20)
(22)((a->(b->c))->((a->b)->((a->(b->c))->(a->c))))->(((a->(b->c))->(((a->b)->((a->(b->c))->(a->c)))->(b->((a->b)->((a->(b->c))->(a->c))))))->((a->(b->c))->(b->((a->b)->((a->(b->c))->(a->c))))))(Сх. акс. 2)
(23)((a->(b->c))->(((a->b)->((a->(b->c))->(a->c)))->(b->((a->b)->((a->(b->c))->(a->c))))))->((a->(b->c))->(b->((a->b)->((a->(b->c))->(a->c)))))(M.P. 21,22)
(24)(a->(b->c))->(b->((a->b)->((a->(b->c))->(a->c))))(M.P. 18,23)
(25)((a->(b->c))->(b->((a->b)->((a->(b->c))->(a->c)))))->(((a->(b->c))->((b->((a->b)->((a->(b->c))->(a->c))))->(b->((a->(b->c))->(a->c)))))->((a->(b->c))->(b->((a->(b->c))->(a->c)))))(Сх. акс. 2)
(26)((a->(b->c))->((b->((a->b)->((a->(b->c))->(a->c))))->(b->((a->(b->c))->(a->c)))))->((a->(b->c))->(b->((a->(b->c))->(a->c))))(M.P. 24,25)
(27)(a->(b->c))->(b->((a->(b->c))->(a->c)))(M.P. 15,26)
(28)((a->(b->c))->(b->((a->(b->c))->(a->c))))->(((a->(b->c))->((b->((a->(b->c))->(a->c)))->(b->(a->c))))->((a->(b->c))->(b->(a->c))))(Сх. акс. 2)
(29)((a->(b->c))->((b->((a->(b->c))->(a->c)))->(b->(a->c))))->((a->(b->c))->(b->(a->c)))(M.P. 27,28)
(30)(a->(b->c))->(b->(a->c))(M.P. 6,29)
